<?xml version="1.0" encoding="UTF-8"?>
<testsuite name="com.chat.proxy.ChatProxyApplicationTests" tests="1" skipped="0" failures="0" errors="0" timestamp="2023-04-11T09:04:30" hostname="DESKTOP-FL1II34" time="0.319">
  <properties/>
  <testcase name="contextLoads()" classname="com.chat.proxy.ChatProxyApplicationTests" time="0.319"/>
  <system-out><![CDATA[17:04:27.994 [Test worker] DEBUG org.springframework.test.context.BootstrapUtils - Instantiating CacheAwareContextLoaderDelegate from class [org.springframework.test.context.cache.DefaultCacheAwareContextLoaderDelegate]
17:04:28.010 [Test worker] DEBUG org.springframework.test.context.BootstrapUtils - Instantiating BootstrapContext using constructor [public org.springframework.test.context.support.DefaultBootstrapContext(java.lang.Class,org.springframework.test.context.CacheAwareContextLoaderDelegate)]
17:04:28.049 [Test worker] DEBUG org.springframework.test.context.BootstrapUtils - Instantiating TestContextBootstrapper for test class [com.chat.proxy.ChatProxyApplicationTests] from class [org.springframework.boot.test.context.SpringBootTestContextBootstrapper]
17:04:28.062 [Test worker] INFO org.springframework.boot.test.context.SpringBootTestContextBootstrapper - Neither @ContextConfiguration nor @ContextHierarchy found for test class [com.chat.proxy.ChatProxyApplicationTests], using SpringBootContextLoader
17:04:28.067 [Test worker] DEBUG org.springframework.test.context.support.AbstractContextLoader - Did not detect default resource location for test class [com.chat.proxy.ChatProxyApplicationTests]: class path resource [com/chat/proxy/ChatProxyApplicationTests-context.xml] does not exist
17:04:28.068 [Test worker] DEBUG org.springframework.test.context.support.AbstractContextLoader - Did not detect default resource location for test class [com.chat.proxy.ChatProxyApplicationTests]: class path resource [com/chat/proxy/ChatProxyApplicationTestsContext.groovy] does not exist
17:04:28.068 [Test worker] INFO org.springframework.test.context.support.AbstractContextLoader - Could not detect default resource locations for test class [com.chat.proxy.ChatProxyApplicationTests]: no resource found for suffixes {-context.xml, Context.groovy}.
17:04:28.069 [Test worker] INFO org.springframework.test.context.support.AnnotationConfigContextLoaderUtils - Could not detect default configuration classes for test class [com.chat.proxy.ChatProxyApplicationTests]: ChatProxyApplicationTests does not declare any static, non-private, non-final, nested classes annotated with @Configuration.
17:04:28.114 [Test worker] DEBUG org.springframework.test.context.support.ActiveProfilesUtils - Could not find an 'annotation declaring class' for annotation type [org.springframework.test.context.ActiveProfiles] and class [com.chat.proxy.ChatProxyApplicationTests]
17:04:28.192 [Test worker] DEBUG org.springframework.context.annotation.ClassPathScanningCandidateComponentProvider - Identified candidate component class: file [E:\work\chatProxy\build\classes\java\main\com\chat\proxy\ChatProxyApplication.class]
17:04:28.193 [Test worker] INFO org.springframework.boot.test.context.SpringBootTestContextBootstrapper - Found @SpringBootConfiguration com.chat.proxy.ChatProxyApplication for test class com.chat.proxy.ChatProxyApplicationTests
17:04:28.315 [Test worker] DEBUG org.springframework.boot.test.context.SpringBootTestContextBootstrapper - @TestExecutionListeners is not present for class [com.chat.proxy.ChatProxyApplicationTests]: using defaults.
17:04:28.316 [Test worker] INFO org.springframework.boot.test.context.SpringBootTestContextBootstrapper - Loaded default TestExecutionListener class names from location [META-INF/spring.factories]: [org.springframework.boot.test.autoconfigure.restdocs.RestDocsTestExecutionListener, org.springframework.boot.test.autoconfigure.web.client.MockRestServiceServerResetTestExecutionListener, org.springframework.boot.test.autoconfigure.web.servlet.MockMvcPrintOnlyOnFailureTestExecutionListener, org.springframework.boot.test.autoconfigure.web.servlet.WebDriverTestExecutionListener, org.springframework.boot.test.autoconfigure.webservices.client.MockWebServiceServerTestExecutionListener, org.springframework.boot.test.mock.mockito.MockitoTestExecutionListener, org.springframework.boot.test.mock.mockito.ResetMocksTestExecutionListener, org.springframework.test.context.web.ServletTestExecutionListener, org.springframework.test.context.support.DirtiesContextBeforeModesTestExecutionListener, org.springframework.test.context.event.ApplicationEventsTestExecutionListener, org.springframework.test.context.support.DependencyInjectionTestExecutionListener, org.springframework.test.context.support.DirtiesContextTestExecutionListener, org.springframework.test.context.transaction.TransactionalTestExecutionListener, org.springframework.test.context.jdbc.SqlScriptsTestExecutionListener, org.springframework.test.context.event.EventPublishingTestExecutionListener]
17:04:28.334 [Test worker] DEBUG org.springframework.boot.test.context.SpringBootTestContextBootstrapper - Skipping candidate TestExecutionListener [org.springframework.test.context.transaction.TransactionalTestExecutionListener] due to a missing dependency. Specify custom listener classes or make the default listener classes and their required dependencies available. Offending class: [org/springframework/transaction/interceptor/TransactionAttributeSource]
17:04:28.335 [Test worker] DEBUG org.springframework.boot.test.context.SpringBootTestContextBootstrapper - Skipping candidate TestExecutionListener [org.springframework.test.context.jdbc.SqlScriptsTestExecutionListener] due to a missing dependency. Specify custom listener classes or make the default listener classes and their required dependencies available. Offending class: [org/springframework/transaction/interceptor/TransactionAttribute]
17:04:28.337 [Test worker] INFO org.springframework.boot.test.context.SpringBootTestContextBootstrapper - Using TestExecutionListeners: [org.springframework.test.context.web.ServletTestExecutionListener@2fd953a6, org.springframework.test.context.support.DirtiesContextBeforeModesTestExecutionListener@a4add54, org.springframework.test.context.event.ApplicationEventsTestExecutionListener@141e5bef, org.springframework.boot.test.mock.mockito.MockitoTestExecutionListener@5f9be66c, org.springframework.boot.test.autoconfigure.SpringBootDependencyInjectionTestExecutionListener@3abada5a, org.springframework.test.context.support.DirtiesContextTestExecutionListener@66c61024, org.springframework.test.context.event.EventPublishingTestExecutionListener@61fe30, org.springframework.boot.test.autoconfigure.restdocs.RestDocsTestExecutionListener@c9d0d6, org.springframework.boot.test.autoconfigure.web.client.MockRestServiceServerResetTestExecutionListener@6ccdb29f, org.springframework.boot.test.autoconfigure.web.servlet.MockMvcPrintOnlyOnFailureTestExecutionListener@3adcc812, org.springframework.boot.test.autoconfigure.web.servlet.WebDriverTestExecutionListener@35432107, org.springframework.boot.test.autoconfigure.webservices.client.MockWebServiceServerTestExecutionListener@7b420819, org.springframework.boot.test.mock.mockito.ResetMocksTestExecutionListener@7a1a14a4]
17:04:28.344 [Test worker] DEBUG org.springframework.test.context.support.AbstractDirtiesContextTestExecutionListener - Before test class: context [DefaultTestContext@3cdf2c61 testClass = ChatProxyApplicationTests, testInstance = [null], testMethod = [null], testException = [null], mergedContextConfiguration = [WebMergedContextConfiguration@13ad5cd3 testClass = ChatProxyApplicationTests, locations = '{}', classes = '{class com.chat.proxy.ChatProxyApplication}', contextInitializerClasses = '[]', activeProfiles = '{}', propertySourceLocations = '{}', propertySourceProperties = '{org.springframework.boot.test.context.SpringBootTestContextBootstrapper=true}', contextCustomizers = set[org.springframework.boot.test.autoconfigure.actuate.metrics.MetricsExportContextCustomizerFactory$DisableMetricExportContextCustomizer@75437611, org.springframework.boot.test.autoconfigure.properties.PropertyMappingContextCustomizer@0, org.springframework.boot.test.autoconfigure.web.servlet.WebDriverContextCustomizerFactory$Customizer@cc43f62, org.springframework.boot.test.context.filter.ExcludeFilterContextCustomizer@16eb3ea3, org.springframework.boot.test.json.DuplicateJsonObjectContextCustomizerFactory$DuplicateJsonObjectContextCustomizer@48bb62, org.springframework.boot.test.mock.mockito.MockitoContextCustomizer@0, org.springframework.boot.test.web.client.TestRestTemplateContextCustomizer@8462f31, org.springframework.boot.test.context.SpringBootTestArgs@1, org.springframework.boot.test.context.SpringBootTestWebEnvironment@5bfa9431], resourceBasePath = 'src/main/webapp', contextLoader = 'org.springframework.boot.test.context.SpringBootContextLoader', parent = [null]], attributes = map['org.springframework.test.context.web.ServletTestExecutionListener.activateListener' -> true]], class annotated with @DirtiesContext [false] with mode [null].

  .   ____          _            __ _ _
 /\\ / ___'_ __ _ _(_)_ __  __ _ \ \ \ \
( ( )\___ | '_ | '_| | '_ \/ _` | \ \ \ \
 \\/  ___)| |_)| | | | | || (_| |  ) ) ) )
  '  |____| .__|_| |_|_| |_\__, | / / / /
 =========|_|==============|___/=/_/_/_/
 :: Spring Boot ::               (v2.7.10)

2023-04-11 17:04:28.745  INFO 4292 --- [    Test worker] c.chat.proxy.ChatProxyApplicationTests   : Starting ChatProxyApplicationTests using Java 1.8.0_11 on DESKTOP-FL1II34 with PID 4292 (started by yaoxz in E:\work\chatProxy)
2023-04-11 17:04:28.747  INFO 4292 --- [    Test worker] c.chat.proxy.ChatProxyApplicationTests   : No active profile set, falling back to 1 default profile: "default"
2023-04-11 17:04:30.945  INFO 4292 --- [    Test worker] c.chat.proxy.ChatProxyApplicationTests   : Started ChatProxyApplicationTests in 2.55 seconds (JVM running for 4.018)
]]></system-out>
  <system-err><![CDATA[]]></system-err>
</testsuite>
