<?xml version="1.0" encoding="UTF-8"?>
<testsuite name="com.chat.proxy.ChatProxyApplicationTests" tests="1" skipped="0" failures="0" errors="0" timestamp="2023-04-13T14:09:40" hostname="DESKTOP-FL1II34" time="0.598">
  <properties/>
  <testcase name="contextLoads()" classname="com.chat.proxy.ChatProxyApplicationTests" time="0.598"/>
  <system-out><![CDATA[22:09:37.546 [Test worker] DEBUG org.springframework.test.context.BootstrapUtils - Instantiating CacheAwareContextLoaderDelegate from class [org.springframework.test.context.cache.DefaultCacheAwareContextLoaderDelegate]
22:09:37.559 [Test worker] DEBUG org.springframework.test.context.BootstrapUtils - Instantiating BootstrapContext using constructor [public org.springframework.test.context.support.DefaultBootstrapContext(java.lang.Class,org.springframework.test.context.CacheAwareContextLoaderDelegate)]
22:09:37.595 [Test worker] DEBUG org.springframework.test.context.BootstrapUtils - Instantiating TestContextBootstrapper for test class [com.chat.proxy.ChatProxyApplicationTests] from class [org.springframework.boot.test.context.SpringBootTestContextBootstrapper]
22:09:37.618 [Test worker] INFO org.springframework.boot.test.context.SpringBootTestContextBootstrapper - Neither @ContextConfiguration nor @ContextHierarchy found for test class [com.chat.proxy.ChatProxyApplicationTests], using SpringBootContextLoader
22:09:37.623 [Test worker] DEBUG org.springframework.test.context.support.AbstractContextLoader - Did not detect default resource location for test class [com.chat.proxy.ChatProxyApplicationTests]: class path resource [com/chat/proxy/ChatProxyApplicationTests-context.xml] does not exist
22:09:37.623 [Test worker] DEBUG org.springframework.test.context.support.AbstractContextLoader - Did not detect default resource location for test class [com.chat.proxy.ChatProxyApplicationTests]: class path resource [com/chat/proxy/ChatProxyApplicationTestsContext.groovy] does not exist
22:09:37.623 [Test worker] INFO org.springframework.test.context.support.AbstractContextLoader - Could not detect default resource locations for test class [com.chat.proxy.ChatProxyApplicationTests]: no resource found for suffixes {-context.xml, Context.groovy}.
22:09:37.625 [Test worker] INFO org.springframework.test.context.support.AnnotationConfigContextLoaderUtils - Could not detect default configuration classes for test class [com.chat.proxy.ChatProxyApplicationTests]: ChatProxyApplicationTests does not declare any static, non-private, non-final, nested classes annotated with @Configuration.
22:09:37.770 [Test worker] DEBUG org.springframework.test.context.support.ActiveProfilesUtils - Could not find an 'annotation declaring class' for annotation type [org.springframework.test.context.ActiveProfiles] and class [com.chat.proxy.ChatProxyApplicationTests]
22:09:37.849 [Test worker] DEBUG org.springframework.context.annotation.ClassPathScanningCandidateComponentProvider - Identified candidate component class: file [E:\work\chatProxy\build\classes\java\main\com\chat\proxy\ChatProxyApplication.class]
22:09:37.850 [Test worker] INFO org.springframework.boot.test.context.SpringBootTestContextBootstrapper - Found @SpringBootConfiguration com.chat.proxy.ChatProxyApplication for test class com.chat.proxy.ChatProxyApplicationTests
22:09:37.993 [Test worker] DEBUG org.springframework.boot.test.context.SpringBootTestContextBootstrapper - @TestExecutionListeners is not present for class [com.chat.proxy.ChatProxyApplicationTests]: using defaults.
22:09:37.994 [Test worker] INFO org.springframework.boot.test.context.SpringBootTestContextBootstrapper - Loaded default TestExecutionListener class names from location [META-INF/spring.factories]: [org.springframework.boot.test.autoconfigure.restdocs.RestDocsTestExecutionListener, org.springframework.boot.test.autoconfigure.web.client.MockRestServiceServerResetTestExecutionListener, org.springframework.boot.test.autoconfigure.web.servlet.MockMvcPrintOnlyOnFailureTestExecutionListener, org.springframework.boot.test.autoconfigure.web.servlet.WebDriverTestExecutionListener, org.springframework.boot.test.autoconfigure.webservices.client.MockWebServiceServerTestExecutionListener, org.springframework.boot.test.mock.mockito.MockitoTestExecutionListener, org.springframework.boot.test.mock.mockito.ResetMocksTestExecutionListener, org.springframework.test.context.web.ServletTestExecutionListener, org.springframework.test.context.support.DirtiesContextBeforeModesTestExecutionListener, org.springframework.test.context.event.ApplicationEventsTestExecutionListener, org.springframework.test.context.support.DependencyInjectionTestExecutionListener, org.springframework.test.context.support.DirtiesContextTestExecutionListener, org.springframework.test.context.transaction.TransactionalTestExecutionListener, org.springframework.test.context.jdbc.SqlScriptsTestExecutionListener, org.springframework.test.context.event.EventPublishingTestExecutionListener]
22:09:38.019 [Test worker] DEBUG org.springframework.boot.test.context.SpringBootTestContextBootstrapper - Skipping candidate TestExecutionListener [org.springframework.test.context.transaction.TransactionalTestExecutionListener] due to a missing dependency. Specify custom listener classes or make the default listener classes and their required dependencies available. Offending class: [org/springframework/transaction/interceptor/TransactionAttributeSource]
22:09:38.020 [Test worker] DEBUG org.springframework.boot.test.context.SpringBootTestContextBootstrapper - Skipping candidate TestExecutionListener [org.springframework.test.context.jdbc.SqlScriptsTestExecutionListener] due to a missing dependency. Specify custom listener classes or make the default listener classes and their required dependencies available. Offending class: [org/springframework/transaction/interceptor/TransactionAttribute]
22:09:38.021 [Test worker] INFO org.springframework.boot.test.context.SpringBootTestContextBootstrapper - Using TestExecutionListeners: [org.springframework.test.context.web.ServletTestExecutionListener@e383572, org.springframework.test.context.support.DirtiesContextBeforeModesTestExecutionListener@5ddf0d24, org.springframework.test.context.event.ApplicationEventsTestExecutionListener@363a52f, org.springframework.boot.test.mock.mockito.MockitoTestExecutionListener@60856961, org.springframework.boot.test.autoconfigure.SpringBootDependencyInjectionTestExecutionListener@2fd953a6, org.springframework.test.context.support.DirtiesContextTestExecutionListener@a4add54, org.springframework.test.context.event.EventPublishingTestExecutionListener@141e5bef, org.springframework.boot.test.autoconfigure.restdocs.RestDocsTestExecutionListener@5f9be66c, org.springframework.boot.test.autoconfigure.web.client.MockRestServiceServerResetTestExecutionListener@3abada5a, org.springframework.boot.test.autoconfigure.web.servlet.MockMvcPrintOnlyOnFailureTestExecutionListener@66c61024, org.springframework.boot.test.autoconfigure.web.servlet.WebDriverTestExecutionListener@61fe30, org.springframework.boot.test.autoconfigure.webservices.client.MockWebServiceServerTestExecutionListener@c9d0d6, org.springframework.boot.test.mock.mockito.ResetMocksTestExecutionListener@6ccdb29f]
22:09:38.027 [Test worker] DEBUG org.springframework.test.context.support.AbstractDirtiesContextTestExecutionListener - Before test class: context [DefaultTestContext@30e868be testClass = ChatProxyApplicationTests, testInstance = [null], testMethod = [null], testException = [null], mergedContextConfiguration = [WebMergedContextConfiguration@66c92293 testClass = ChatProxyApplicationTests, locations = '{}', classes = '{class com.chat.proxy.ChatProxyApplication}', contextInitializerClasses = '[]', activeProfiles = '{}', propertySourceLocations = '{}', propertySourceProperties = '{org.springframework.boot.test.context.SpringBootTestContextBootstrapper=true}', contextCustomizers = set[org.springframework.boot.test.autoconfigure.actuate.metrics.MetricsExportContextCustomizerFactory$DisableMetricExportContextCustomizer@33065d67, org.springframework.boot.test.autoconfigure.properties.PropertyMappingContextCustomizer@0, org.springframework.boot.test.autoconfigure.web.servlet.WebDriverContextCustomizerFactory$Customizer@68c9133c, org.springframework.boot.test.context.filter.ExcludeFilterContextCustomizer@5b218417, org.springframework.boot.test.json.DuplicateJsonObjectContextCustomizerFactory$DuplicateJsonObjectContextCustomizer@33bc72d1, org.springframework.boot.test.mock.mockito.MockitoContextCustomizer@0, org.springframework.boot.test.web.client.TestRestTemplateContextCustomizer@451001e5, org.springframework.boot.test.context.SpringBootTestArgs@1, org.springframework.boot.test.context.SpringBootTestWebEnvironment@4fe767f3], resourceBasePath = 'src/main/webapp', contextLoader = 'org.springframework.boot.test.context.SpringBootContextLoader', parent = [null]], attributes = map['org.springframework.test.context.web.ServletTestExecutionListener.activateListener' -> true]], class annotated with @DirtiesContext [false] with mode [null].

  .   ____          _            __ _ _
 /\\ / ___'_ __ _ _(_)_ __  __ _ \ \ \ \
( ( )\___ | '_ | '_| | '_ \/ _` | \ \ \ \
 \\/  ___)| |_)| | | | | || (_| |  ) ) ) )
  '  |____| .__|_| |_|_| |_\__, | / / / /
 =========|_|==============|___/=/_/_/_/
 :: Spring Boot ::               (v2.7.10)

2023-04-13 22:09:38.460  INFO 10372 --- [    Test worker] c.chat.proxy.ChatProxyApplicationTests   : Starting ChatProxyApplicationTests using Java 1.8.0_11 on DESKTOP-FL1II34 with PID 10372 (started by yaoxz in E:\work\chatProxy)
2023-04-13 22:09:38.462  INFO 10372 --- [    Test worker] c.chat.proxy.ChatProxyApplicationTests   : No active profile set, falling back to 1 default profile: "default"
2023-04-13 22:09:40.808  INFO 10372 --- [    Test worker] c.chat.proxy.ChatProxyApplicationTests   : Started ChatProxyApplicationTests in 2.713 seconds (JVM running for 6.838)
]]></system-out>
  <system-err><![CDATA[]]></system-err>
</testsuite>
